<?xml version="1.0" encoding="UTF-8"?>
<!-- Generated by org.testng.reporters.JUnitReportReporter -->
<testsuite hostname="DESKTOP-SEKDPB4" failures="0" tests="6" name="testNgpack.TestClassNG" time="0.006" errors="0" timestamp="2023-03-23T09:02:46 IST" skipped="0">
  <testcase classname="testNgpack.TestClassNG" name="test1" time="0.000"/>
  <system-out/>
  <testcase classname="testNgpack.TestClassNG" name="test1" time="0.001"/>
  <system-out/>
  <testcase classname="testNgpack.TestClassNG" name="test2" time="0.001"/>
  <system-out/>
  <testcase classname="testNgpack.TestClassNG" name="test2" time="0.002"/>
  <system-out/>
  <testcase classname="testNgpack.TestClassNG" name="test3" time="0.000"/>
  <system-out/>
  <testcase classname="testNgpack.TestClassNG" name="test3" time="0.002"/>
  <system-out/>
</testsuite> <!-- testNgpack.TestClassNG -->
